Dirección IP: 192.168.0.1
Fecha y hora: 01/May/2023:12:30:45 -0500
Método: GET
URL: /index.html
Código de respuesta: 200
Tamaño de respuesta: 5234

Dirección IP: 192.168.0.1
Fecha y hora: 01/May/2023:12:31:21 -0500
Método: GET
URL: /images/logo.png
Código de respuesta: 200
Tamaño de respuesta: 1247

Dirección IP: 192.168.0.2
Fecha y hora: 01/May/2023:12:35:21 -0500
Método: POST
URL: /formulario.php
Código de respuesta: 302
Tamaño de respuesta: 0

Dirección IP: 192.168.0.3
Fecha y hora: 02/May/2023:08:45:12 -0500
Método: GET
URL: /productos/camisetas
Código de respuesta: 404
Tamaño de respuesta: 0

Dirección IP: 192.168.0.2
Fecha y hora: 02/May/2023:10:15:32 -0500
Método: GET
URL: /contacto.html
Código de respuesta: 200
Tamaño de respuesta: 876

Dirección IP: 192.168.0.1
Fecha y hora: 03/May/2023:15:20:45 -0500
Método: GET
URL: /index.html
Código de respuesta: 200
Tamaño de respuesta: 5234

Dirección IP: 192.168.0.1
Fecha y hora: 03/May/2023:15:23:17 -0500
Método: GET
URL: /productos/zapatos
Código de respuesta: 200
Tamaño de respuesta: 3209

Dirección IP: 192.168.0.2
Fecha y hora: 03/May/2023:16:18:12 -0500
Método: GET
URL: /productos/camisetas
Código de respuesta: 200
Tamaño de respuesta: 4506

Dirección IP: 192.168.0.3
Fecha y hora: 04/May/2023:09:55:03 -0500
Método: GET
URL: /index.html
Código de respuesta: 200
Tamaño de respuesta: 5234